<?xml version="1.0" encoding="UTF-8"?>
<!-- Generated by org.testng.reporters.JUnitXMLReporter -->
<testsuite ignored="8" hostname="LTIN201292" failures="0" tests="14" name="Chrome Test" time="78.132" errors="0" timestamp="2024-03-07T09:48:43 IST">
  <testcase classname="testCases.TC001_CarLoan_Calculator" name="Test1_001" time="0.545"/>
  <testcase classname="testCases.TC001_CarLoan_Calculator" name="Test1_002" time="0.046"/>
  <testcase classname="testCases.TC001_CarLoan_Calculator" name="Test1_003" time="3.419"/>
  <testcase classname="testCases.TC001_CarLoan_Calculator" name="Test1_004" time="3.824"/>
  <testcase classname="testCases.TC002_HomeLoan_Calculator" name="Test2_001" time="2.954"/>
  <testcase classname="testCases.TC002_HomeLoan_Calculator" name="Test2_002" time="0.043"/>
  <testcase classname="testCases.TC002_HomeLoan_Calculator" name="Test2_003" time="1.353"/>
  <testcase classname="testCases.TC002_HomeLoan_Calculator" name="Test2_004" time="8.935"/>
  <testcase classname="testCases.TC002_HomeLoan_Calculator" name="Test2_005" time="11.533"/>
  <testcase classname="testCases.TC003_Emi_Calculator" name="TC003_Test1" time="3.405"/>
  <testcase classname="testCases.TC003_Emi_Calculator" name="TC003_Test2" time="0.032"/>
  <testcase classname="testCases.TC003_Emi_Calculator" name="TC003_Test3" time="1.1"/>
  <testcase classname="testCases.TC004_LoanAmount_Calculator" name="Test4_001" time="2.018"/>
  <testcase classname="testCases.TC005_LoanTenure_Calculator" name="Test5_001" time="1.596"/>
  <testcase classname="testBase.BaseClass" name="@AfterTest teardown" time="0.0">
    <ignored/>
  </testcase> <!-- @AfterTest teardown -->
  <testcase classname="testBase.BaseClass" name="@AfterTest teardown" time="0.0">
    <ignored/>
  </testcase> <!-- @AfterTest teardown -->
  <testcase classname="testBase.BaseClass" name="@AfterTest teardown" time="0.0">
    <ignored/>
  </testcase> <!-- @AfterTest teardown -->
  <testcase classname="testBase.BaseClass" name="@AfterTest teardown" time="0.0">
    <ignored/>
  </testcase> <!-- @AfterTest teardown -->
  <testcase classname="testBase.BaseClass" name="@BeforeTest setup" time="0.0">
    <ignored/>
  </testcase> <!-- @BeforeTest setup -->
  <testcase classname="testBase.BaseClass" name="@BeforeTest setup" time="0.0">
    <ignored/>
  </testcase> <!-- @BeforeTest setup -->
  <testcase classname="testBase.BaseClass" name="@BeforeTest setup" time="0.0">
    <ignored/>
  </testcase> <!-- @BeforeTest setup -->
  <testcase classname="testBase.BaseClass" name="@BeforeTest setup" time="0.0">
    <ignored/>
  </testcase> <!-- @BeforeTest setup -->
</testsuite> <!-- Chrome Test -->
