<?xml version="1.0" encoding="UTF-8"?>
<!-- Generated by org.testng.reporters.JUnitXMLReporter -->
<testsuite ignored="8" hostname="LTIN201292" failures="0" tests="14" name="Edge Test" time="61.91" errors="0" timestamp="2024-03-07T09:47:08 IST">
  <testcase classname="testCases.TC001_CarLoan_Calculator" name="Test1_001" time="0.261"/>
  <testcase classname="testCases.TC001_CarLoan_Calculator" name="Test1_002" time="0.066"/>
  <testcase classname="testCases.TC001_CarLoan_Calculator" name="Test1_003" time="3.237"/>
  <testcase classname="testCases.TC001_CarLoan_Calculator" name="Test1_004" time="1.821"/>
  <testcase classname="testCases.TC002_HomeLoan_Calculator" name="Test2_001" time="1.792"/>
  <testcase classname="testCases.TC002_HomeLoan_Calculator" name="Test2_002" time="0.04"/>
  <testcase classname="testCases.TC002_HomeLoan_Calculator" name="Test2_003" time="0.796"/>
  <testcase classname="testCases.TC002_HomeLoan_Calculator" name="Test2_004" time="7.314"/>
  <testcase classname="testCases.TC002_HomeLoan_Calculator" name="Test2_005" time="14.406"/>
  <testcase classname="testCases.TC003_Emi_Calculator" name="TC003_Test1" time="1.659"/>
  <testcase classname="testCases.TC003_Emi_Calculator" name="TC003_Test2" time="0.021"/>
  <testcase classname="testCases.TC003_Emi_Calculator" name="TC003_Test3" time="0.956"/>
  <testcase classname="testCases.TC004_LoanAmount_Calculator" name="Test4_001" time="1.238"/>
  <testcase classname="testCases.TC005_LoanTenure_Calculator" name="Test5_001" time="0.828"/>
  <testcase classname="testBase.BaseClass" name="@AfterTest teardown" time="0.0">
    <ignored/>
  </testcase> <!-- @AfterTest teardown -->
  <testcase classname="testBase.BaseClass" name="@AfterTest teardown" time="0.0">
    <ignored/>
  </testcase> <!-- @AfterTest teardown -->
  <testcase classname="testBase.BaseClass" name="@AfterTest teardown" time="0.0">
    <ignored/>
  </testcase> <!-- @AfterTest teardown -->
  <testcase classname="testBase.BaseClass" name="@AfterTest teardown" time="0.0">
    <ignored/>
  </testcase> <!-- @AfterTest teardown -->
  <testcase classname="testBase.BaseClass" name="@BeforeTest setup" time="0.0">
    <ignored/>
  </testcase> <!-- @BeforeTest setup -->
  <testcase classname="testBase.BaseClass" name="@BeforeTest setup" time="0.0">
    <ignored/>
  </testcase> <!-- @BeforeTest setup -->
  <testcase classname="testBase.BaseClass" name="@BeforeTest setup" time="0.0">
    <ignored/>
  </testcase> <!-- @BeforeTest setup -->
  <testcase classname="testBase.BaseClass" name="@BeforeTest setup" time="0.0">
    <ignored/>
  </testcase> <!-- @BeforeTest setup -->
</testsuite> <!-- Edge Test -->
