<?xml version="1.0" encoding="UTF-8"?>
<!-- Generated by org.testng.reporters.JUnitXMLReporter -->
<testsuite ignored="8" hostname="LTIN201292" failures="0" tests="14" name="Chrome Test" time="52.422" errors="0" timestamp="2024-03-05T11:18:29 IST">
  <testcase classname="testCases.TC001_CarLoan_Calculator" name="Test1_001" time="0.465"/>
  <testcase classname="testCases.TC001_CarLoan_Calculator" name="Test1_002" time="0.032"/>
  <testcase classname="testCases.TC001_CarLoan_Calculator" name="Test1_003" time="1.919"/>
  <testcase classname="testCases.TC001_CarLoan_Calculator" name="Test1_004" time="2.375"/>
  <testcase classname="testCases.TC002_HomeLoan_Calculator" name="Test2_001" time="2.448"/>
  <testcase classname="testCases.TC002_HomeLoan_Calculator" name="Test2_002" time="0.028"/>
  <testcase classname="testCases.TC002_HomeLoan_Calculator" name="Test2_003" time="0.836"/>
  <testcase classname="testCases.TC002_HomeLoan_Calculator" name="Test2_004" time="8.07"/>
  <testcase classname="testCases.TC002_HomeLoan_Calculator" name="Test2_005" time="7.445"/>
  <testcase classname="testCases.TC003_Emi_Calculator" name="TC003_Test1" time="2.219"/>
  <testcase classname="testCases.TC003_Emi_Calculator" name="TC003_Test2" time="0.027"/>
  <testcase classname="testCases.TC003_Emi_Calculator" name="TC003_Test3" time="0.802"/>
  <testcase classname="testCases.TC004_LoanAmount_Calculator" name="Test4_001" time="1.994"/>
  <testcase classname="testCases.TC005_LoanTenure_Calculator" name="Test5_001" time="1.13"/>
  <testcase classname="testBase.BaseClass" name="@AfterTest teardown" time="0.0">
    <ignored/>
  </testcase> <!-- @AfterTest teardown -->
  <testcase classname="testBase.BaseClass" name="@AfterTest teardown" time="0.0">
    <ignored/>
  </testcase> <!-- @AfterTest teardown -->
  <testcase classname="testBase.BaseClass" name="@AfterTest teardown" time="0.0">
    <ignored/>
  </testcase> <!-- @AfterTest teardown -->
  <testcase classname="testBase.BaseClass" name="@AfterTest teardown" time="0.0">
    <ignored/>
  </testcase> <!-- @AfterTest teardown -->
  <testcase classname="testBase.BaseClass" name="@BeforeTest setup" time="0.0">
    <ignored/>
  </testcase> <!-- @BeforeTest setup -->
  <testcase classname="testBase.BaseClass" name="@BeforeTest setup" time="0.0">
    <ignored/>
  </testcase> <!-- @BeforeTest setup -->
  <testcase classname="testBase.BaseClass" name="@BeforeTest setup" time="0.0">
    <ignored/>
  </testcase> <!-- @BeforeTest setup -->
  <testcase classname="testBase.BaseClass" name="@BeforeTest setup" time="0.0">
    <ignored/>
  </testcase> <!-- @BeforeTest setup -->
</testsuite> <!-- Chrome Test -->
