<?xml version="1.0" encoding="UTF-8"?>
<!-- Generated by org.testng.reporters.JUnitXMLReporter -->
<testsuite ignored="8" hostname="LTIN201292" failures="0" tests="14" name="Edge Test" time="69.498" errors="0" timestamp="2024-03-05T11:17:22 IST">
  <testcase classname="testCases.TC001_CarLoan_Calculator" name="Test1_001" time="0.631"/>
  <testcase classname="testCases.TC001_CarLoan_Calculator" name="Test1_002" time="0.051"/>
  <testcase classname="testCases.TC001_CarLoan_Calculator" name="Test1_003" time="5.766"/>
  <testcase classname="testCases.TC001_CarLoan_Calculator" name="Test1_004" time="2.036"/>
  <testcase classname="testCases.TC002_HomeLoan_Calculator" name="Test2_001" time="3.416"/>
  <testcase classname="testCases.TC002_HomeLoan_Calculator" name="Test2_002" time="0.072"/>
  <testcase classname="testCases.TC002_HomeLoan_Calculator" name="Test2_003" time="1.251"/>
  <testcase classname="testCases.TC002_HomeLoan_Calculator" name="Test2_004" time="8.406"/>
  <testcase classname="testCases.TC002_HomeLoan_Calculator" name="Test2_005" time="11.919"/>
  <testcase classname="testCases.TC003_Emi_Calculator" name="TC003_Test1" time="2.424"/>
  <testcase classname="testCases.TC003_Emi_Calculator" name="TC003_Test2" time="0.025"/>
  <testcase classname="testCases.TC003_Emi_Calculator" name="TC003_Test3" time="0.911"/>
  <testcase classname="testCases.TC004_LoanAmount_Calculator" name="Test4_001" time="1.368"/>
  <testcase classname="testCases.TC005_LoanTenure_Calculator" name="Test5_001" time="0.991"/>
  <testcase classname="testBase.BaseClass" name="@AfterTest teardown" time="0.0">
    <ignored/>
  </testcase> <!-- @AfterTest teardown -->
  <testcase classname="testBase.BaseClass" name="@AfterTest teardown" time="0.0">
    <ignored/>
  </testcase> <!-- @AfterTest teardown -->
  <testcase classname="testBase.BaseClass" name="@AfterTest teardown" time="0.0">
    <ignored/>
  </testcase> <!-- @AfterTest teardown -->
  <testcase classname="testBase.BaseClass" name="@AfterTest teardown" time="0.0">
    <ignored/>
  </testcase> <!-- @AfterTest teardown -->
  <testcase classname="testBase.BaseClass" name="@BeforeTest setup" time="0.0">
    <ignored/>
  </testcase> <!-- @BeforeTest setup -->
  <testcase classname="testBase.BaseClass" name="@BeforeTest setup" time="0.0">
    <ignored/>
  </testcase> <!-- @BeforeTest setup -->
  <testcase classname="testBase.BaseClass" name="@BeforeTest setup" time="0.0">
    <ignored/>
  </testcase> <!-- @BeforeTest setup -->
  <testcase classname="testBase.BaseClass" name="@BeforeTest setup" time="0.0">
    <ignored/>
  </testcase> <!-- @BeforeTest setup -->
</testsuite> <!-- Edge Test -->
