<?xml version="1.0" encoding="UTF-8"?>
<!-- Generated by org.testng.reporters.JUnitXMLReporter -->
<testsuite ignored="8" hostname="LTIN201292" failures="0" tests="14" name="Test" time="43.976" errors="0" timestamp="2024-02-29T17:29:47 IST">
  <testcase classname="testCases.TC001_CarLoan_Calculator" name="Test1_001" time="0.373"/>
  <testcase classname="testCases.TC001_CarLoan_Calculator" name="Test1_002" time="0.028"/>
  <testcase classname="testCases.TC001_CarLoan_Calculator" name="Test1_003" time="3.024"/>
  <testcase classname="testCases.TC001_CarLoan_Calculator" name="Test1_004" time="1.686"/>
  <testcase classname="testCases.TC002_HomeLoan_Calculator" name="Test2_001" time="1.112"/>
  <testcase classname="testCases.TC002_HomeLoan_Calculator" name="Test2_002" time="0.015"/>
  <testcase classname="testCases.TC002_HomeLoan_Calculator" name="Test2_003" time="0.52"/>
  <testcase classname="testCases.TC002_HomeLoan_Calculator" name="Test2_004" time="1.564"/>
  <testcase classname="testCases.TC002_HomeLoan_Calculator" name="Test2_005" time="7.116"/>
  <testcase classname="testCases.TC003_Emi_Calculator" name="TC003_Test1" time="0.876"/>
  <testcase classname="testCases.TC003_Emi_Calculator" name="TC003_Test2" time="0.02"/>
  <testcase classname="testCases.TC003_Emi_Calculator" name="TC003_Test3" time="0.514"/>
  <testcase classname="testCases.TC004_LoanAmount_Calculator" name="Test4_001" time="0.651"/>
  <testcase classname="testCases.TC005_LoanTenure_Calculator" name="Test5_001" time="0.614"/>
  <testcase classname="testBase.BaseClass" name="@AfterTest teardown" time="0.0">
    <ignored/>
  </testcase> <!-- @AfterTest teardown -->
  <testcase classname="testBase.BaseClass" name="@AfterTest teardown" time="0.0">
    <ignored/>
  </testcase> <!-- @AfterTest teardown -->
  <testcase classname="testBase.BaseClass" name="@AfterTest teardown" time="0.0">
    <ignored/>
  </testcase> <!-- @AfterTest teardown -->
  <testcase classname="testBase.BaseClass" name="@AfterTest teardown" time="0.0">
    <ignored/>
  </testcase> <!-- @AfterTest teardown -->
  <testcase classname="testBase.BaseClass" name="@BeforeTest setup" time="0.0">
    <ignored/>
  </testcase> <!-- @BeforeTest setup -->
  <testcase classname="testBase.BaseClass" name="@BeforeTest setup" time="0.0">
    <ignored/>
  </testcase> <!-- @BeforeTest setup -->
  <testcase classname="testBase.BaseClass" name="@BeforeTest setup" time="0.0">
    <ignored/>
  </testcase> <!-- @BeforeTest setup -->
  <testcase classname="testBase.BaseClass" name="@BeforeTest setup" time="0.0">
    <ignored/>
  </testcase> <!-- @BeforeTest setup -->
</testsuite> <!-- Test -->
