<?xml version="1.0" encoding="UTF-8"?>
<!-- Generated by org.testng.reporters.JUnitXMLReporter -->
<testsuite ignored="8" hostname="LTIN201292" failures="0" tests="14" name="Test" time="100.609" errors="0" timestamp="2024-03-04T12:22:22 IST">
  <testcase classname="testCases.TC001_CarLoan_Calculator" name="Test1_001" time="0.26"/>
  <testcase classname="testCases.TC001_CarLoan_Calculator" name="Test1_002" time="0.038"/>
  <testcase classname="testCases.TC001_CarLoan_Calculator" name="Test1_003" time="3.271"/>
  <testcase classname="testCases.TC001_CarLoan_Calculator" name="Test1_004" time="1.596"/>
  <testcase classname="testCases.TC002_HomeLoan_Calculator" name="Test2_001" time="30.683"/>
  <testcase classname="testCases.TC002_HomeLoan_Calculator" name="Test2_002" time="0.017"/>
  <testcase classname="testCases.TC002_HomeLoan_Calculator" name="Test2_003" time="0.575"/>
  <testcase classname="testCases.TC002_HomeLoan_Calculator" name="Test2_004" time="1.84"/>
  <testcase classname="testCases.TC002_HomeLoan_Calculator" name="Test2_005" time="8.312"/>
  <testcase classname="testCases.TC003_Emi_Calculator" name="TC003_Test1" time="2.992"/>
  <testcase classname="testCases.TC003_Emi_Calculator" name="TC003_Test2" time="0.019"/>
  <testcase classname="testCases.TC003_Emi_Calculator" name="TC003_Test3" time="0.676"/>
  <testcase classname="testCases.TC004_LoanAmount_Calculator" name="Test4_001" time="1.033"/>
  <testcase classname="testCases.TC005_LoanTenure_Calculator" name="Test5_001" time="0.658"/>
  <testcase classname="testBase.BaseClass" name="@AfterTest teardown" time="0.0">
    <ignored/>
  </testcase> <!-- @AfterTest teardown -->
  <testcase classname="testBase.BaseClass" name="@AfterTest teardown" time="0.0">
    <ignored/>
  </testcase> <!-- @AfterTest teardown -->
  <testcase classname="testBase.BaseClass" name="@AfterTest teardown" time="0.0">
    <ignored/>
  </testcase> <!-- @AfterTest teardown -->
  <testcase classname="testBase.BaseClass" name="@AfterTest teardown" time="0.0">
    <ignored/>
  </testcase> <!-- @AfterTest teardown -->
  <testcase classname="testBase.BaseClass" name="@BeforeTest setup" time="0.0">
    <ignored/>
  </testcase> <!-- @BeforeTest setup -->
  <testcase classname="testBase.BaseClass" name="@BeforeTest setup" time="0.0">
    <ignored/>
  </testcase> <!-- @BeforeTest setup -->
  <testcase classname="testBase.BaseClass" name="@BeforeTest setup" time="0.0">
    <ignored/>
  </testcase> <!-- @BeforeTest setup -->
  <testcase classname="testBase.BaseClass" name="@BeforeTest setup" time="0.0">
    <ignored/>
  </testcase> <!-- @BeforeTest setup -->
</testsuite> <!-- Test -->
