<?xml version="1.0" encoding="UTF-8"?>
<testng-results ignored="16" total="44" passed="28" failed="0" skipped="0">
  <reporter-output>
  </reporter-output>
  <suite started-at="2024-03-05T11:16:12 IST" name="Suite" finished-at="2024-03-05T11:18:29 IST" duration-ms="136657">
    <groups>
      <group name="regression">
        <method signature="TC001_CarLoan_Calculator.Test1_001()[pri:1, instance:testCases.TC001_CarLoan_Calculator@537f60bf]" name="Test1_001" class="testCases.TC001_CarLoan_Calculator"/>
        <method signature="TC001_CarLoan_Calculator.Test1_002()[pri:2, instance:testCases.TC001_CarLoan_Calculator@537f60bf]" name="Test1_002" class="testCases.TC001_CarLoan_Calculator"/>
        <method signature="TC001_CarLoan_Calculator.Test1_003()[pri:2, instance:testCases.TC001_CarLoan_Calculator@537f60bf]" name="Test1_003" class="testCases.TC001_CarLoan_Calculator"/>
        <method signature="TC001_CarLoan_Calculator.Test1_004()[pri:3, instance:testCases.TC001_CarLoan_Calculator@537f60bf]" name="Test1_004" class="testCases.TC001_CarLoan_Calculator"/>
        <method signature="TC003_Emi_Calculator.TC003_Test1()[pri:1, instance:testCases.TC003_Emi_Calculator@e350b40]" name="TC003_Test1" class="testCases.TC003_Emi_Calculator"/>
        <method signature="TC003_Emi_Calculator.TC003_Test2()[pri:2, instance:testCases.TC003_Emi_Calculator@e350b40]" name="TC003_Test2" class="testCases.TC003_Emi_Calculator"/>
        <method signature="TC003_Emi_Calculator.TC003_Test3()[pri:3, instance:testCases.TC003_Emi_Calculator@e350b40]" name="TC003_Test3" class="testCases.TC003_Emi_Calculator"/>
        <method signature="TC004_LoanAmount_Calculator.Test4_001()[pri:1, instance:testCases.TC004_LoanAmount_Calculator@41a0aa7d]" name="Test4_001" class="testCases.TC004_LoanAmount_Calculator"/>
        <method signature="TC005_LoanTenure_Calculator.Test5_001()[pri:1, instance:testCases.TC005_LoanTenure_Calculator@2794eab6]" name="Test5_001" class="testCases.TC005_LoanTenure_Calculator"/>
        <method signature="TC001_CarLoan_Calculator.Test1_001()[pri:1, instance:testCases.TC001_CarLoan_Calculator@235ecd9f]" name="Test1_001" class="testCases.TC001_CarLoan_Calculator"/>
        <method signature="TC001_CarLoan_Calculator.Test1_002()[pri:2, instance:testCases.TC001_CarLoan_Calculator@235ecd9f]" name="Test1_002" class="testCases.TC001_CarLoan_Calculator"/>
        <method signature="TC001_CarLoan_Calculator.Test1_003()[pri:2, instance:testCases.TC001_CarLoan_Calculator@235ecd9f]" name="Test1_003" class="testCases.TC001_CarLoan_Calculator"/>
        <method signature="TC001_CarLoan_Calculator.Test1_004()[pri:3, instance:testCases.TC001_CarLoan_Calculator@235ecd9f]" name="Test1_004" class="testCases.TC001_CarLoan_Calculator"/>
        <method signature="TC003_Emi_Calculator.TC003_Test1()[pri:1, instance:testCases.TC003_Emi_Calculator@58cbafc2]" name="TC003_Test1" class="testCases.TC003_Emi_Calculator"/>
        <method signature="TC003_Emi_Calculator.TC003_Test2()[pri:2, instance:testCases.TC003_Emi_Calculator@58cbafc2]" name="TC003_Test2" class="testCases.TC003_Emi_Calculator"/>
        <method signature="TC003_Emi_Calculator.TC003_Test3()[pri:3, instance:testCases.TC003_Emi_Calculator@58cbafc2]" name="TC003_Test3" class="testCases.TC003_Emi_Calculator"/>
        <method signature="TC004_LoanAmount_Calculator.Test4_001()[pri:1, instance:testCases.TC004_LoanAmount_Calculator@2034b64c]" name="Test4_001" class="testCases.TC004_LoanAmount_Calculator"/>
        <method signature="TC005_LoanTenure_Calculator.Test5_001()[pri:1, instance:testCases.TC005_LoanTenure_Calculator@75d3a5e0]" name="Test5_001" class="testCases.TC005_LoanTenure_Calculator"/>
      </group> <!-- regression -->
      <group name="smoke">
        <method signature="TC001_CarLoan_Calculator.Test1_001()[pri:1, instance:testCases.TC001_CarLoan_Calculator@537f60bf]" name="Test1_001" class="testCases.TC001_CarLoan_Calculator"/>
        <method signature="TC002_HomeLoan_Calculator.Test2_001()[pri:1, instance:testCases.TC002_HomeLoan_Calculator@f09733f]" name="Test2_001" class="testCases.TC002_HomeLoan_Calculator"/>
        <method signature="TC003_Emi_Calculator.TC003_Test1()[pri:1, instance:testCases.TC003_Emi_Calculator@e350b40]" name="TC003_Test1" class="testCases.TC003_Emi_Calculator"/>
        <method signature="TC001_CarLoan_Calculator.Test1_001()[pri:1, instance:testCases.TC001_CarLoan_Calculator@235ecd9f]" name="Test1_001" class="testCases.TC001_CarLoan_Calculator"/>
        <method signature="TC002_HomeLoan_Calculator.Test2_001()[pri:1, instance:testCases.TC002_HomeLoan_Calculator@1ca3b418]" name="Test2_001" class="testCases.TC002_HomeLoan_Calculator"/>
        <method signature="TC003_Emi_Calculator.TC003_Test1()[pri:1, instance:testCases.TC003_Emi_Calculator@58cbafc2]" name="TC003_Test1" class="testCases.TC003_Emi_Calculator"/>
      </group> <!-- smoke -->
      <group name="sanity">
        <method signature="TC002_HomeLoan_Calculator.Test2_001()[pri:1, instance:testCases.TC002_HomeLoan_Calculator@f09733f]" name="Test2_001" class="testCases.TC002_HomeLoan_Calculator"/>
        <method signature="TC002_HomeLoan_Calculator.Test2_002()[pri:1, instance:testCases.TC002_HomeLoan_Calculator@f09733f]" name="Test2_002" class="testCases.TC002_HomeLoan_Calculator"/>
        <method signature="TC002_HomeLoan_Calculator.Test2_003()[pri:2, instance:testCases.TC002_HomeLoan_Calculator@f09733f]" name="Test2_003" class="testCases.TC002_HomeLoan_Calculator"/>
        <method signature="TC002_HomeLoan_Calculator.Test2_004()[pri:3, instance:testCases.TC002_HomeLoan_Calculator@f09733f]" name="Test2_004" class="testCases.TC002_HomeLoan_Calculator"/>
        <method signature="TC002_HomeLoan_Calculator.Test2_005()[pri:4, instance:testCases.TC002_HomeLoan_Calculator@f09733f]" name="Test2_005" class="testCases.TC002_HomeLoan_Calculator"/>
        <method signature="TC002_HomeLoan_Calculator.Test2_001()[pri:1, instance:testCases.TC002_HomeLoan_Calculator@1ca3b418]" name="Test2_001" class="testCases.TC002_HomeLoan_Calculator"/>
        <method signature="TC002_HomeLoan_Calculator.Test2_002()[pri:1, instance:testCases.TC002_HomeLoan_Calculator@1ca3b418]" name="Test2_002" class="testCases.TC002_HomeLoan_Calculator"/>
        <method signature="TC002_HomeLoan_Calculator.Test2_003()[pri:2, instance:testCases.TC002_HomeLoan_Calculator@1ca3b418]" name="Test2_003" class="testCases.TC002_HomeLoan_Calculator"/>
        <method signature="TC002_HomeLoan_Calculator.Test2_004()[pri:3, instance:testCases.TC002_HomeLoan_Calculator@1ca3b418]" name="Test2_004" class="testCases.TC002_HomeLoan_Calculator"/>
        <method signature="TC002_HomeLoan_Calculator.Test2_005()[pri:4, instance:testCases.TC002_HomeLoan_Calculator@1ca3b418]" name="Test2_005" class="testCases.TC002_HomeLoan_Calculator"/>
      </group> <!-- sanity -->
    </groups>
    <test started-at="2024-03-05T11:16:12 IST" name="Edge Test" finished-at="2024-03-05T11:17:22 IST" duration-ms="69498">
      <class name="testCases.TC003_Emi_Calculator">
        <test-method signature="TC003_Test1()[pri:1, instance:testCases.TC003_Emi_Calculator@e350b40]" started-at="2024-03-05T11:17:13 IST" name="TC003_Test1" finished-at="2024-03-05T11:17:15 IST" duration-ms="2424" status="PASS">
          <reporter-output>
          </reporter-output>
        </test-method> <!-- TC003_Test1 -->
        <test-method signature="TC003_Test2()[pri:2, instance:testCases.TC003_Emi_Calculator@e350b40]" started-at="2024-03-05T11:17:16 IST" name="TC003_Test2" finished-at="2024-03-05T11:17:16 IST" duration-ms="25" status="PASS">
          <reporter-output>
          </reporter-output>
        </test-method> <!-- TC003_Test2 -->
        <test-method signature="TC003_Test3()[pri:3, instance:testCases.TC003_Emi_Calculator@e350b40]" started-at="2024-03-05T11:17:16 IST" name="TC003_Test3" finished-at="2024-03-05T11:17:17 IST" duration-ms="911" status="PASS">
          <reporter-output>
          </reporter-output>
        </test-method> <!-- TC003_Test3 -->
      </class> <!-- testCases.TC003_Emi_Calculator -->
      <class name="testCases.TC002_HomeLoan_Calculator">
        <test-method signature="Test2_001()[pri:1, instance:testCases.TC002_HomeLoan_Calculator@f09733f]" started-at="2024-03-05T11:16:45 IST" name="Test2_001" finished-at="2024-03-05T11:16:49 IST" duration-ms="3416" status="PASS">
          <reporter-output>
          </reporter-output>
        </test-method> <!-- Test2_001 -->
        <test-method signature="Test2_002()[pri:1, instance:testCases.TC002_HomeLoan_Calculator@f09733f]" started-at="2024-03-05T11:16:49 IST" name="Test2_002" finished-at="2024-03-05T11:16:50 IST" duration-ms="72" status="PASS">
          <reporter-output>
          </reporter-output>
        </test-method> <!-- Test2_002 -->
        <test-method signature="Test2_003()[pri:2, instance:testCases.TC002_HomeLoan_Calculator@f09733f]" started-at="2024-03-05T11:16:50 IST" name="Test2_003" finished-at="2024-03-05T11:16:51 IST" duration-ms="1251" status="PASS">
          <reporter-output>
          </reporter-output>
        </test-method> <!-- Test2_003 -->
        <test-method signature="Test2_004()[pri:3, instance:testCases.TC002_HomeLoan_Calculator@f09733f]" started-at="2024-03-05T11:16:52 IST" name="Test2_004" finished-at="2024-03-05T11:17:00 IST" duration-ms="8406" status="PASS">
          <reporter-output>
          </reporter-output>
        </test-method> <!-- Test2_004 -->
        <test-method signature="Test2_005()[pri:4, instance:testCases.TC002_HomeLoan_Calculator@f09733f]" started-at="2024-03-05T11:17:00 IST" name="Test2_005" finished-at="2024-03-05T11:17:12 IST" duration-ms="11919" status="PASS">
          <reporter-output>
          </reporter-output>
        </test-method> <!-- Test2_005 -->
      </class> <!-- testCases.TC002_HomeLoan_Calculator -->
      <class name="testCases.TC001_CarLoan_Calculator">
        <test-method is-config="true" signature="setup(java.lang.String,java.lang.String)[pri:0, instance:testCases.TC001_CarLoan_Calculator@537f60bf]" started-at="2024-03-05T11:16:14 IST" name="setup" finished-at="2024-03-05T11:16:34 IST" duration-ms="20496" status="PASS">
          <params>
            <param index="0">
              <value>
                <![CDATA[windows]]>
              </value>
            </param>
            <param index="1">
              <value>
                <![CDATA[Edge]]>
              </value>
            </param>
          </params>
          <reporter-output>
          </reporter-output>
        </test-method> <!-- setup -->
        <test-method signature="Test1_001()[pri:1, instance:testCases.TC001_CarLoan_Calculator@537f60bf]" started-at="2024-03-05T11:16:35 IST" name="Test1_001" finished-at="2024-03-05T11:16:35 IST" duration-ms="631" status="PASS">
          <reporter-output>
          </reporter-output>
        </test-method> <!-- Test1_001 -->
        <test-method signature="Test1_002()[pri:2, instance:testCases.TC001_CarLoan_Calculator@537f60bf]" started-at="2024-03-05T11:16:36 IST" name="Test1_002" finished-at="2024-03-05T11:16:36 IST" duration-ms="51" status="PASS">
          <reporter-output>
          </reporter-output>
        </test-method> <!-- Test1_002 -->
        <test-method signature="Test1_003()[pri:2, instance:testCases.TC001_CarLoan_Calculator@537f60bf]" started-at="2024-03-05T11:16:37 IST" name="Test1_003" finished-at="2024-03-05T11:16:42 IST" duration-ms="5766" status="PASS">
          <reporter-output>
          </reporter-output>
        </test-method> <!-- Test1_003 -->
        <test-method signature="Test1_004()[pri:3, instance:testCases.TC001_CarLoan_Calculator@537f60bf]" started-at="2024-03-05T11:16:43 IST" name="Test1_004" finished-at="2024-03-05T11:16:45 IST" duration-ms="2036" status="PASS">
          <reporter-output>
          </reporter-output>
        </test-method> <!-- Test1_004 -->
        <test-method is-config="true" signature="teardown()[pri:0, instance:testCases.TC001_CarLoan_Calculator@537f60bf]" started-at="2024-03-05T11:17:20 IST" name="teardown" finished-at="2024-03-05T11:17:22 IST" duration-ms="1607" status="PASS">
          <reporter-output>
          </reporter-output>
        </test-method> <!-- teardown -->
      </class> <!-- testCases.TC001_CarLoan_Calculator -->
      <class name="testCases.TC004_LoanAmount_Calculator">
        <test-method signature="Test4_001()[pri:1, instance:testCases.TC004_LoanAmount_Calculator@41a0aa7d]" started-at="2024-03-05T11:17:17 IST" name="Test4_001" finished-at="2024-03-05T11:17:19 IST" duration-ms="1368" status="PASS">
          <reporter-output>
          </reporter-output>
        </test-method> <!-- Test4_001 -->
      </class> <!-- testCases.TC004_LoanAmount_Calculator -->
      <class name="testCases.TC005_LoanTenure_Calculator">
        <test-method signature="Test5_001()[pri:1, instance:testCases.TC005_LoanTenure_Calculator@2794eab6]" started-at="2024-03-05T11:17:19 IST" name="Test5_001" finished-at="2024-03-05T11:17:20 IST" duration-ms="991" status="PASS">
          <reporter-output>
          </reporter-output>
        </test-method> <!-- Test5_001 -->
      </class> <!-- testCases.TC005_LoanTenure_Calculator -->
    </test> <!-- Edge Test -->
    <test started-at="2024-03-05T11:17:37 IST" name="Chrome Test" finished-at="2024-03-05T11:18:29 IST" duration-ms="52422">
      <class name="testCases.TC003_Emi_Calculator">
        <test-method signature="TC003_Test1()[pri:1, instance:testCases.TC003_Emi_Calculator@58cbafc2]" started-at="2024-03-05T11:18:20 IST" name="TC003_Test1" finished-at="2024-03-05T11:18:22 IST" duration-ms="2219" status="PASS">
          <reporter-output>
          </reporter-output>
        </test-method> <!-- TC003_Test1 -->
        <test-method signature="TC003_Test2()[pri:2, instance:testCases.TC003_Emi_Calculator@58cbafc2]" started-at="2024-03-05T11:18:22 IST" name="TC003_Test2" finished-at="2024-03-05T11:18:22 IST" duration-ms="27" status="PASS">
          <reporter-output>
          </reporter-output>
        </test-method> <!-- TC003_Test2 -->
        <test-method signature="TC003_Test3()[pri:3, instance:testCases.TC003_Emi_Calculator@58cbafc2]" started-at="2024-03-05T11:18:23 IST" name="TC003_Test3" finished-at="2024-03-05T11:18:24 IST" duration-ms="802" status="PASS">
          <reporter-output>
          </reporter-output>
        </test-method> <!-- TC003_Test3 -->
      </class> <!-- testCases.TC003_Emi_Calculator -->
      <class name="testCases.TC002_HomeLoan_Calculator">
        <test-method signature="Test2_001()[pri:1, instance:testCases.TC002_HomeLoan_Calculator@1ca3b418]" started-at="2024-03-05T11:17:59 IST" name="Test2_001" finished-at="2024-03-05T11:18:01 IST" duration-ms="2448" status="PASS">
          <reporter-output>
          </reporter-output>
        </test-method> <!-- Test2_001 -->
        <test-method signature="Test2_002()[pri:1, instance:testCases.TC002_HomeLoan_Calculator@1ca3b418]" started-at="2024-03-05T11:18:02 IST" name="Test2_002" finished-at="2024-03-05T11:18:02 IST" duration-ms="28" status="PASS">
          <reporter-output>
          </reporter-output>
        </test-method> <!-- Test2_002 -->
        <test-method signature="Test2_003()[pri:2, instance:testCases.TC002_HomeLoan_Calculator@1ca3b418]" started-at="2024-03-05T11:18:02 IST" name="Test2_003" finished-at="2024-03-05T11:18:03 IST" duration-ms="836" status="PASS">
          <reporter-output>
          </reporter-output>
        </test-method> <!-- Test2_003 -->
        <test-method signature="Test2_004()[pri:3, instance:testCases.TC002_HomeLoan_Calculator@1ca3b418]" started-at="2024-03-05T11:18:04 IST" name="Test2_004" finished-at="2024-03-05T11:18:12 IST" duration-ms="8070" status="PASS">
          <reporter-output>
          </reporter-output>
        </test-method> <!-- Test2_004 -->
        <test-method signature="Test2_005()[pri:4, instance:testCases.TC002_HomeLoan_Calculator@1ca3b418]" started-at="2024-03-05T11:18:12 IST" name="Test2_005" finished-at="2024-03-05T11:18:20 IST" duration-ms="7445" status="PASS">
          <reporter-output>
          </reporter-output>
        </test-method> <!-- Test2_005 -->
      </class> <!-- testCases.TC002_HomeLoan_Calculator -->
      <class name="testCases.TC001_CarLoan_Calculator">
        <test-method is-config="true" signature="setup(java.lang.String,java.lang.String)[pri:0, instance:testCases.TC001_CarLoan_Calculator@235ecd9f]" started-at="2024-03-05T11:17:37 IST" name="setup" finished-at="2024-03-05T11:17:52 IST" duration-ms="15548" status="PASS">
          <params>
            <param index="0">
              <value>
                <![CDATA[windows]]>
              </value>
            </param>
            <param index="1">
              <value>
                <![CDATA[Chrome]]>
              </value>
            </param>
          </params>
          <reporter-output>
          </reporter-output>
        </test-method> <!-- setup -->
        <test-method signature="Test1_001()[pri:1, instance:testCases.TC001_CarLoan_Calculator@235ecd9f]" started-at="2024-03-05T11:17:52 IST" name="Test1_001" finished-at="2024-03-05T11:17:53 IST" duration-ms="465" status="PASS">
          <reporter-output>
          </reporter-output>
        </test-method> <!-- Test1_001 -->
        <test-method signature="Test1_002()[pri:2, instance:testCases.TC001_CarLoan_Calculator@235ecd9f]" started-at="2024-03-05T11:17:53 IST" name="Test1_002" finished-at="2024-03-05T11:17:53 IST" duration-ms="32" status="PASS">
          <reporter-output>
          </reporter-output>
        </test-method> <!-- Test1_002 -->
        <test-method signature="Test1_003()[pri:2, instance:testCases.TC001_CarLoan_Calculator@235ecd9f]" started-at="2024-03-05T11:17:54 IST" name="Test1_003" finished-at="2024-03-05T11:17:56 IST" duration-ms="1919" status="PASS">
          <reporter-output>
          </reporter-output>
        </test-method> <!-- Test1_003 -->
        <test-method signature="Test1_004()[pri:3, instance:testCases.TC001_CarLoan_Calculator@235ecd9f]" started-at="2024-03-05T11:17:56 IST" name="Test1_004" finished-at="2024-03-05T11:17:59 IST" duration-ms="2375" status="PASS">
          <reporter-output>
          </reporter-output>
        </test-method> <!-- Test1_004 -->
        <test-method is-config="true" signature="teardown()[pri:0, instance:testCases.TC001_CarLoan_Calculator@235ecd9f]" started-at="2024-03-05T11:18:28 IST" name="teardown" finished-at="2024-03-05T11:18:29 IST" duration-ms="1291" status="PASS">
          <reporter-output>
          </reporter-output>
        </test-method> <!-- teardown -->
      </class> <!-- testCases.TC001_CarLoan_Calculator -->
      <class name="testCases.TC004_LoanAmount_Calculator">
        <test-method signature="Test4_001()[pri:1, instance:testCases.TC004_LoanAmount_Calculator@2034b64c]" started-at="2024-03-05T11:18:24 IST" name="Test4_001" finished-at="2024-03-05T11:18:26 IST" duration-ms="1994" status="PASS">
          <reporter-output>
          </reporter-output>
        </test-method> <!-- Test4_001 -->
      </class> <!-- testCases.TC004_LoanAmount_Calculator -->
      <class name="testCases.TC005_LoanTenure_Calculator">
        <test-method signature="Test5_001()[pri:1, instance:testCases.TC005_LoanTenure_Calculator@75d3a5e0]" started-at="2024-03-05T11:18:26 IST" name="Test5_001" finished-at="2024-03-05T11:18:28 IST" duration-ms="1130" status="PASS">
          <reporter-output>
          </reporter-output>
        </test-method> <!-- Test5_001 -->
      </class> <!-- testCases.TC005_LoanTenure_Calculator -->
    </test> <!-- Chrome Test -->
  </suite> <!-- Suite -->
</testng-results>
