<?xml version="1.0" encoding="UTF-8"?>
<testng-results ignored="16" total="44" passed="28" failed="0" skipped="0">
  <reporter-output>
  </reporter-output>
  <suite started-at="2024-03-07T09:46:06 IST" name="Mysuite" finished-at="2024-03-07T09:48:43 IST" duration-ms="157305">
    <groups>
    </groups>
    <test started-at="2024-03-07T09:46:06 IST" name="Edge Test" finished-at="2024-03-07T09:47:08 IST" duration-ms="61910">
      <class name="testCases.TC003_Emi_Calculator">
        <test-method signature="TC003_Test1()[pri:1, instance:testCases.TC003_Emi_Calculator@3012646b]" started-at="2024-03-07T09:46:59 IST" name="TC003_Test1" finished-at="2024-03-07T09:47:01 IST" duration-ms="1659" status="PASS">
          <reporter-output>
          </reporter-output>
        </test-method> <!-- TC003_Test1 -->
        <test-method signature="TC003_Test2()[pri:2, instance:testCases.TC003_Emi_Calculator@3012646b]" started-at="2024-03-07T09:47:01 IST" name="TC003_Test2" finished-at="2024-03-07T09:47:01 IST" duration-ms="21" status="PASS">
          <reporter-output>
          </reporter-output>
        </test-method> <!-- TC003_Test2 -->
        <test-method signature="TC003_Test3()[pri:3, instance:testCases.TC003_Emi_Calculator@3012646b]" started-at="2024-03-07T09:47:02 IST" name="TC003_Test3" finished-at="2024-03-07T09:47:03 IST" duration-ms="956" status="PASS">
          <reporter-output>
          </reporter-output>
        </test-method> <!-- TC003_Test3 -->
      </class> <!-- testCases.TC003_Emi_Calculator -->
      <class name="testCases.TC002_HomeLoan_Calculator">
        <test-method signature="Test2_001()[pri:1, instance:testCases.TC002_HomeLoan_Calculator@52719fb6]" started-at="2024-03-07T09:46:31 IST" name="Test2_001" finished-at="2024-03-07T09:46:33 IST" duration-ms="1792" status="PASS">
          <reporter-output>
          </reporter-output>
        </test-method> <!-- Test2_001 -->
        <test-method signature="Test2_002()[pri:1, instance:testCases.TC002_HomeLoan_Calculator@52719fb6]" started-at="2024-03-07T09:46:34 IST" name="Test2_002" finished-at="2024-03-07T09:46:34 IST" duration-ms="40" status="PASS">
          <reporter-output>
          </reporter-output>
        </test-method> <!-- Test2_002 -->
        <test-method signature="Test2_003()[pri:2, instance:testCases.TC002_HomeLoan_Calculator@52719fb6]" started-at="2024-03-07T09:46:35 IST" name="Test2_003" finished-at="2024-03-07T09:46:35 IST" duration-ms="796" status="PASS">
          <reporter-output>
          </reporter-output>
        </test-method> <!-- Test2_003 -->
        <test-method signature="Test2_004()[pri:3, instance:testCases.TC002_HomeLoan_Calculator@52719fb6]" started-at="2024-03-07T09:46:36 IST" name="Test2_004" finished-at="2024-03-07T09:46:43 IST" duration-ms="7314" status="PASS">
          <reporter-output>
          </reporter-output>
        </test-method> <!-- Test2_004 -->
        <test-method signature="Test2_005()[pri:4, instance:testCases.TC002_HomeLoan_Calculator@52719fb6]" started-at="2024-03-07T09:46:44 IST" name="Test2_005" finished-at="2024-03-07T09:46:59 IST" duration-ms="14406" status="PASS">
          <reporter-output>
          </reporter-output>
        </test-method> <!-- Test2_005 -->
      </class> <!-- testCases.TC002_HomeLoan_Calculator -->
      <class name="testCases.TC001_CarLoan_Calculator">
        <test-method is-config="true" signature="setup(java.lang.String,java.lang.String)[pri:0, instance:testCases.TC001_CarLoan_Calculator@5e600dd5]" started-at="2024-03-07T09:46:07 IST" name="setup" finished-at="2024-03-07T09:46:24 IST" duration-ms="17184" status="PASS">
          <params>
            <param index="0">
              <value>
                <![CDATA[windows]]>
              </value>
            </param>
            <param index="1">
              <value>
                <![CDATA[Edge]]>
              </value>
            </param>
          </params>
          <reporter-output>
          </reporter-output>
        </test-method> <!-- setup -->
        <test-method signature="Test1_001()[pri:1, instance:testCases.TC001_CarLoan_Calculator@5e600dd5]" started-at="2024-03-07T09:46:24 IST" name="Test1_001" finished-at="2024-03-07T09:46:25 IST" duration-ms="261" status="PASS">
          <reporter-output>
          </reporter-output>
        </test-method> <!-- Test1_001 -->
        <test-method signature="Test1_002()[pri:2, instance:testCases.TC001_CarLoan_Calculator@5e600dd5]" started-at="2024-03-07T09:46:25 IST" name="Test1_002" finished-at="2024-03-07T09:46:25 IST" duration-ms="66" status="PASS">
          <reporter-output>
          </reporter-output>
        </test-method> <!-- Test1_002 -->
        <test-method signature="Test1_003()[pri:2, instance:testCases.TC001_CarLoan_Calculator@5e600dd5]" started-at="2024-03-07T09:46:26 IST" name="Test1_003" finished-at="2024-03-07T09:46:29 IST" duration-ms="3237" status="PASS">
          <reporter-output>
          </reporter-output>
        </test-method> <!-- Test1_003 -->
        <test-method signature="Test1_004()[pri:3, instance:testCases.TC001_CarLoan_Calculator@5e600dd5]" started-at="2024-03-07T09:46:29 IST" name="Test1_004" finished-at="2024-03-07T09:46:31 IST" duration-ms="1821" status="PASS">
          <reporter-output>
          </reporter-output>
        </test-method> <!-- Test1_004 -->
        <test-method is-config="true" signature="teardown()[pri:0, instance:testCases.TC001_CarLoan_Calculator@5e600dd5]" started-at="2024-03-07T09:47:06 IST" name="teardown" finished-at="2024-03-07T09:47:08 IST" duration-ms="1959" status="PASS">
          <reporter-output>
          </reporter-output>
        </test-method> <!-- teardown -->
      </class> <!-- testCases.TC001_CarLoan_Calculator -->
      <class name="testCases.TC004_LoanAmount_Calculator">
        <test-method signature="Test4_001()[pri:1, instance:testCases.TC004_LoanAmount_Calculator@4a883b15]" started-at="2024-03-07T09:47:03 IST" name="Test4_001" finished-at="2024-03-07T09:47:04 IST" duration-ms="1238" status="PASS">
          <reporter-output>
          </reporter-output>
        </test-method> <!-- Test4_001 -->
      </class> <!-- testCases.TC004_LoanAmount_Calculator -->
      <class name="testCases.TC005_LoanTenure_Calculator">
        <test-method signature="Test5_001()[pri:1, instance:testCases.TC005_LoanTenure_Calculator@25641d39]" started-at="2024-03-07T09:47:05 IST" name="Test5_001" finished-at="2024-03-07T09:47:06 IST" duration-ms="828" status="PASS">
          <reporter-output>
          </reporter-output>
        </test-method> <!-- Test5_001 -->
      </class> <!-- testCases.TC005_LoanTenure_Calculator -->
    </test> <!-- Edge Test -->
    <test started-at="2024-03-07T09:47:25 IST" name="Chrome Test" finished-at="2024-03-07T09:48:43 IST" duration-ms="78132">
      <class name="testCases.TC003_Emi_Calculator">
        <test-method signature="TC003_Test1()[pri:1, instance:testCases.TC003_Emi_Calculator@76b1e9b8]" started-at="2024-03-07T09:48:31 IST" name="TC003_Test1" finished-at="2024-03-07T09:48:34 IST" duration-ms="3405" status="PASS">
          <reporter-output>
          </reporter-output>
        </test-method> <!-- TC003_Test1 -->
        <test-method signature="TC003_Test2()[pri:2, instance:testCases.TC003_Emi_Calculator@76b1e9b8]" started-at="2024-03-07T09:48:35 IST" name="TC003_Test2" finished-at="2024-03-07T09:48:35 IST" duration-ms="32" status="PASS">
          <reporter-output>
          </reporter-output>
        </test-method> <!-- TC003_Test2 -->
        <test-method signature="TC003_Test3()[pri:3, instance:testCases.TC003_Emi_Calculator@76b1e9b8]" started-at="2024-03-07T09:48:36 IST" name="TC003_Test3" finished-at="2024-03-07T09:48:37 IST" duration-ms="1100" status="PASS">
          <reporter-output>
          </reporter-output>
        </test-method> <!-- TC003_Test3 -->
      </class> <!-- testCases.TC003_Emi_Calculator -->
      <class name="testCases.TC002_HomeLoan_Calculator">
        <test-method signature="Test2_001()[pri:1, instance:testCases.TC002_HomeLoan_Calculator@17f62e33]" started-at="2024-03-07T09:48:03 IST" name="Test2_001" finished-at="2024-03-07T09:48:06 IST" duration-ms="2954" status="PASS">
          <reporter-output>
          </reporter-output>
        </test-method> <!-- Test2_001 -->
        <test-method signature="Test2_002()[pri:1, instance:testCases.TC002_HomeLoan_Calculator@17f62e33]" started-at="2024-03-07T09:48:07 IST" name="Test2_002" finished-at="2024-03-07T09:48:07 IST" duration-ms="43" status="PASS">
          <reporter-output>
          </reporter-output>
        </test-method> <!-- Test2_002 -->
        <test-method signature="Test2_003()[pri:2, instance:testCases.TC002_HomeLoan_Calculator@17f62e33]" started-at="2024-03-07T09:48:07 IST" name="Test2_003" finished-at="2024-03-07T09:48:09 IST" duration-ms="1353" status="PASS">
          <reporter-output>
          </reporter-output>
        </test-method> <!-- Test2_003 -->
        <test-method signature="Test2_004()[pri:3, instance:testCases.TC002_HomeLoan_Calculator@17f62e33]" started-at="2024-03-07T09:48:09 IST" name="Test2_004" finished-at="2024-03-07T09:48:18 IST" duration-ms="8935" status="PASS">
          <reporter-output>
          </reporter-output>
        </test-method> <!-- Test2_004 -->
        <test-method signature="Test2_005()[pri:4, instance:testCases.TC002_HomeLoan_Calculator@17f62e33]" started-at="2024-03-07T09:48:19 IST" name="Test2_005" finished-at="2024-03-07T09:48:31 IST" duration-ms="11533" status="PASS">
          <reporter-output>
          </reporter-output>
        </test-method> <!-- Test2_005 -->
      </class> <!-- testCases.TC002_HomeLoan_Calculator -->
      <class name="testCases.TC001_CarLoan_Calculator">
        <test-method is-config="true" signature="setup(java.lang.String,java.lang.String)[pri:0, instance:testCases.TC001_CarLoan_Calculator@74ea2410]" started-at="2024-03-07T09:47:25 IST" name="setup" finished-at="2024-03-07T09:47:53 IST" duration-ms="27298" status="PASS">
          <params>
            <param index="0">
              <value>
                <![CDATA[windows]]>
              </value>
            </param>
            <param index="1">
              <value>
                <![CDATA[Chrome]]>
              </value>
            </param>
          </params>
          <reporter-output>
          </reporter-output>
        </test-method> <!-- setup -->
        <test-method signature="Test1_001()[pri:1, instance:testCases.TC001_CarLoan_Calculator@74ea2410]" started-at="2024-03-07T09:47:53 IST" name="Test1_001" finished-at="2024-03-07T09:47:53 IST" duration-ms="545" status="PASS">
          <reporter-output>
          </reporter-output>
        </test-method> <!-- Test1_001 -->
        <test-method signature="Test1_002()[pri:2, instance:testCases.TC001_CarLoan_Calculator@74ea2410]" started-at="2024-03-07T09:47:54 IST" name="Test1_002" finished-at="2024-03-07T09:47:54 IST" duration-ms="46" status="PASS">
          <reporter-output>
          </reporter-output>
        </test-method> <!-- Test1_002 -->
        <test-method signature="Test1_003()[pri:2, instance:testCases.TC001_CarLoan_Calculator@74ea2410]" started-at="2024-03-07T09:47:55 IST" name="Test1_003" finished-at="2024-03-07T09:47:58 IST" duration-ms="3419" status="PASS">
          <reporter-output>
          </reporter-output>
        </test-method> <!-- Test1_003 -->
        <test-method signature="Test1_004()[pri:3, instance:testCases.TC001_CarLoan_Calculator@74ea2410]" started-at="2024-03-07T09:47:59 IST" name="Test1_004" finished-at="2024-03-07T09:48:03 IST" duration-ms="3824" status="PASS">
          <reporter-output>
          </reporter-output>
        </test-method> <!-- Test1_004 -->
        <test-method is-config="true" signature="teardown()[pri:0, instance:testCases.TC001_CarLoan_Calculator@74ea2410]" started-at="2024-03-07T09:48:42 IST" name="teardown" finished-at="2024-03-07T09:48:43 IST" duration-ms="1786" status="PASS">
          <reporter-output>
          </reporter-output>
        </test-method> <!-- teardown -->
      </class> <!-- testCases.TC001_CarLoan_Calculator -->
      <class name="testCases.TC004_LoanAmount_Calculator">
        <test-method signature="Test4_001()[pri:1, instance:testCases.TC004_LoanAmount_Calculator@27406a17]" started-at="2024-03-07T09:48:37 IST" name="Test4_001" finished-at="2024-03-07T09:48:39 IST" duration-ms="2018" status="PASS">
          <reporter-output>
          </reporter-output>
        </test-method> <!-- Test4_001 -->
      </class> <!-- testCases.TC004_LoanAmount_Calculator -->
      <class name="testCases.TC005_LoanTenure_Calculator">
        <test-method signature="Test5_001()[pri:1, instance:testCases.TC005_LoanTenure_Calculator@2af004b]" started-at="2024-03-07T09:48:40 IST" name="Test5_001" finished-at="2024-03-07T09:48:41 IST" duration-ms="1596" status="PASS">
          <reporter-output>
          </reporter-output>
        </test-method> <!-- Test5_001 -->
      </class> <!-- testCases.TC005_LoanTenure_Calculator -->
    </test> <!-- Chrome Test -->
  </suite> <!-- Mysuite -->
</testng-results>
